Started GET "/" for 127.0.0.1 at 2021-08-17 21:28:24 +0200
  
ActiveRecord::NoDatabaseError (FATAL:  Peer authentication failed for user "postgres"
):
  
activerecord (6.1.4) lib/active_record/connection_adapters/postgresql_adapter.rb:81:in `rescue in new_client'
activerecord (6.1.4) lib/active_record/connection_adapters/postgresql_adapter.rb:77:in `new_client'
activerecord (6.1.4) lib/active_record/connection_adapters/postgresql_adapter.rb:37:in `postgresql_connection'
activerecord (6.1.4) lib/active_record/connection_adapters/abstract/connection_pool.rb:882:in `public_send'
activerecord (6.1.4) lib/active_record/connection_adapters/abstract/connection_pool.rb:882:in `new_connection'
activerecord (6.1.4) lib/active_record/connection_adapters/abstract/connection_pool.rb:926:in `checkout_new_connection'
activerecord (6.1.4) lib/active_record/connection_adapters/abstract/connection_pool.rb:905:in `try_to_checkout_new_connection'
activerecord (6.1.4) lib/active_record/connection_adapters/abstract/connection_pool.rb:866:in `acquire_connection'
activerecord (6.1.4) lib/active_record/connection_adapters/abstract/connection_pool.rb:588:in `checkout'
activerecord (6.1.4) lib/active_record/connection_adapters/abstract/connection_pool.rb:428:in `connection'
activerecord (6.1.4) lib/active_record/connection_adapters/abstract/connection_pool.rb:1128:in `retrieve_connection'
activerecord (6.1.4) lib/active_record/connection_handling.rb:327:in `retrieve_connection'
activerecord (6.1.4) lib/active_record/connection_handling.rb:283:in `connection'
activerecord (6.1.4) lib/active_record/migration.rb:611:in `connection'
activerecord (6.1.4) lib/active_record/migration.rb:606:in `build_watcher'
activerecord (6.1.4) lib/active_record/migration.rb:588:in `block in call'
activerecord (6.1.4) lib/active_record/migration.rb:587:in `synchronize'
activerecord (6.1.4) lib/active_record/migration.rb:587:in `call'
actionpack (6.1.4) lib/action_dispatch/middleware/callbacks.rb:27:in `block in call'
activesupport (6.1.4) lib/active_support/callbacks.rb:98:in `run_callbacks'
actionpack (6.1.4) lib/action_dispatch/middleware/callbacks.rb:26:in `call'
actionpack (6.1.4) lib/action_dispatch/middleware/executor.rb:14:in `call'
actionpack (6.1.4) lib/action_dispatch/middleware/actionable_exceptions.rb:18:in `call'
actionpack (6.1.4) lib/action_dispatch/middleware/debug_exceptions.rb:29:in `call'
web-console (4.1.0) lib/web_console/middleware.rb:132:in `call_app'
web-console (4.1.0) lib/web_console/middleware.rb:28:in `block in call'
web-console (4.1.0) lib/web_console/middleware.rb:17:in `catch'
web-console (4.1.0) lib/web_console/middleware.rb:17:in `call'
actionpack (6.1.4) lib/action_dispatch/middleware/show_exceptions.rb:33:in `call'
railties (6.1.4) lib/rails/rack/logger.rb:37:in `call_app'
railties (6.1.4) lib/rails/rack/logger.rb:26:in `block in call'
activesupport (6.1.4) lib/active_support/tagged_logging.rb:99:in `block in tagged'
activesupport (6.1.4) lib/active_support/tagged_logging.rb:37:in `tagged'
activesupport (6.1.4) lib/active_support/tagged_logging.rb:99:in `tagged'
railties (6.1.4) lib/rails/rack/logger.rb:26:in `call'
sprockets-rails (3.2.2) lib/sprockets/rails/quiet_assets.rb:13:in `call'
actionpack (6.1.4) lib/action_dispatch/middleware/remote_ip.rb:81:in `call'
actionpack (6.1.4) lib/action_dispatch/middleware/request_id.rb:26:in `call'
rack (2.2.3) lib/rack/method_override.rb:24:in `call'
rack (2.2.3) lib/rack/runtime.rb:22:in `call'
activesupport (6.1.4) lib/active_support/cache/strategy/local_cache_middleware.rb:29:in `call'
actionpack (6.1.4) lib/action_dispatch/middleware/executor.rb:14:in `call'
actionpack (6.1.4) lib/action_dispatch/middleware/static.rb:24:in `call'
rack (2.2.3) lib/rack/sendfile.rb:110:in `call'
actionpack (6.1.4) lib/action_dispatch/middleware/host_authorization.rb:98:in `call'
rack-mini-profiler (2.3.2) lib/mini_profiler/profiler.rb:384:in `call'
webpacker (5.4.0) lib/webpacker/dev_server_proxy.rb:25:in `perform_request'
rack-proxy (0.7.0) lib/rack/proxy.rb:63:in `call'
railties (6.1.4) lib/rails/engine.rb:539:in `call'
puma (5.4.0) lib/puma/configuration.rb:249:in `call'
puma (5.4.0) lib/puma/request.rb:77:in `block in handle_request'
puma (5.4.0) lib/puma/thread_pool.rb:340:in `with_force_shutdown'
puma (5.4.0) lib/puma/request.rb:76:in `handle_request'
puma (5.4.0) lib/puma/server.rb:440:in `process_client'
puma (5.4.0) lib/puma/thread_pool.rb:147:in `block in spawn_thread'
  [1m[35m (0.7ms)[0m  [1m[35mCREATE DATABASE "social_application_development" ENCODING = 'unicode'[0m
  [1m[35m (572.6ms)[0m  [1m[35mCREATE DATABASE "social_application" ENCODING = 'unicode'[0m
  [1m[35m (0.3ms)[0m  [1m[35mCREATE DATABASE "social_application" ENCODING = 'unicode'[0m
  [1m[35m (0.3ms)[0m  [1m[35mCREATE DATABASE "social_application_development" ENCODING = 'unicode'[0m
Started GET "/" for 127.0.0.1 at 2021-08-17 21:50:51 +0200
Processing by Rails::WelcomeController#index as HTML
  Rendering /home/patryk/.rbenv/versions/3.0.1/lib/ruby/gems/3.0.0/gems/railties-6.1.4/lib/rails/templates/rails/welcome/index.html.erb
  Rendered /home/patryk/.rbenv/versions/3.0.1/lib/ruby/gems/3.0.0/gems/railties-6.1.4/lib/rails/templates/rails/welcome/index.html.erb (Duration: 5.3ms | Allocations: 494)
Completed 200 OK in 13ms (Views: 6.6ms | ActiveRecord: 0.0ms | Allocations: 4012)


Started GET "/" for 127.0.0.1 at 2021-08-17 21:54:42 +0200
Processing by Rails::WelcomeController#index as HTML
  Rendering /home/patryk/.rbenv/versions/3.0.1/lib/ruby/gems/3.0.0/gems/railties-6.1.4/lib/rails/templates/rails/welcome/index.html.erb
  Rendered /home/patryk/.rbenv/versions/3.0.1/lib/ruby/gems/3.0.0/gems/railties-6.1.4/lib/rails/templates/rails/welcome/index.html.erb (Duration: 5.3ms | Allocations: 265)
Completed 200 OK in 7ms (Views: 6.1ms | ActiveRecord: 0.0ms | Allocations: 1178)


Started GET "/" for 127.0.0.1 at 2021-08-18 18:05:29 +0200
Processing by Rails::WelcomeController#index as HTML
  Rendering /home/patryk/.rvm/gems/ruby-3.0.1/gems/railties-6.1.4/lib/rails/templates/rails/welcome/index.html.erb
  Rendered /home/patryk/.rvm/gems/ruby-3.0.1/gems/railties-6.1.4/lib/rails/templates/rails/welcome/index.html.erb (Duration: 15.5ms | Allocations: 596)
Completed 200 OK in 37ms (Views: 18.4ms | ActiveRecord: 0.0ms | Allocations: 4733)


Started GET "/" for 127.0.0.1 at 2021-08-18 19:36:10 +0200
Processing by Rails::WelcomeController#index as HTML
  Rendering /home/patryk/.rvm/gems/ruby-3.0.1/gems/railties-6.1.4/lib/rails/templates/rails/welcome/index.html.erb
  Rendered /home/patryk/.rvm/gems/ruby-3.0.1/gems/railties-6.1.4/lib/rails/templates/rails/welcome/index.html.erb (Duration: 22.8ms | Allocations: 265)
Completed 200 OK in 37ms (Views: 25.3ms | Allocations: 1172)


Started GET "/" for 127.0.0.1 at 2021-08-18 19:36:22 +0200
Processing by Rails::WelcomeController#index as HTML
  Rendering /home/patryk/.rvm/gems/ruby-3.0.1/gems/railties-6.1.4/lib/rails/templates/rails/welcome/index.html.erb
  Rendered /home/patryk/.rvm/gems/ruby-3.0.1/gems/railties-6.1.4/lib/rails/templates/rails/welcome/index.html.erb (Duration: 0.5ms | Allocations: 46)
Completed 200 OK in 2ms (Views: 1.1ms | Allocations: 455)


Started GET "/" for 127.0.0.1 at 2021-08-18 20:08:12 +0200
Processing by Rails::WelcomeController#index as HTML
  Rendering /home/patryk/.rvm/gems/ruby-3.0.1/gems/railties-6.1.4/lib/rails/templates/rails/welcome/index.html.erb
  Rendered /home/patryk/.rvm/gems/ruby-3.0.1/gems/railties-6.1.4/lib/rails/templates/rails/welcome/index.html.erb (Duration: 0.3ms | Allocations: 54)
Completed 200 OK in 1ms (Views: 0.6ms | Allocations: 505)


Started GET "/" for 127.0.0.1 at 2021-08-18 20:36:01 +0200
Processing by Rails::WelcomeController#index as HTML
  Rendering /home/patryk/.rvm/gems/ruby-3.0.1/gems/railties-6.1.4/lib/rails/templates/rails/welcome/index.html.erb
  Rendered /home/patryk/.rvm/gems/ruby-3.0.1/gems/railties-6.1.4/lib/rails/templates/rails/welcome/index.html.erb (Duration: 0.5ms | Allocations: 55)
Completed 200 OK in 2ms (Views: 1.2ms | Allocations: 511)


Started GET "/" for 127.0.0.1 at 2021-08-18 21:01:24 +0200
Processing by Rails::WelcomeController#index as HTML
  Rendering /home/patryk/.rvm/gems/ruby-3.0.1/gems/railties-6.1.4/lib/rails/templates/rails/welcome/index.html.erb
  Rendered /home/patryk/.rvm/gems/ruby-3.0.1/gems/railties-6.1.4/lib/rails/templates/rails/welcome/index.html.erb (Duration: 55.7ms | Allocations: 490)
Completed 200 OK in 164ms (Views: 79.3ms | ActiveRecord: 0.0ms | Allocations: 3608)


Started GET "/about" for 127.0.0.1 at 2021-08-18 21:01:29 +0200
Processing by AboutController#index as HTML
  Rendering layout layouts/application.html.erb
  Rendering about/index.html.erb within layouts/application
  Rendered about/index.html.erb within layouts/application (Duration: 0.8ms | Allocations: 143)
[Webpacker] Compiling...
[Webpacker] Compiled all packs in /home/patryk/social_application/social_application/public/packs
[Webpacker] Though the "loose" option was set to "false" in your @babel/preset-env config, it will not be used for @babel/plugin-proposal-private-property-in-object since the "loose" mode option was set to "true" for @babel/plugin-proposal-class-properties.
The "loose" option must be the same for @babel/plugin-proposal-class-properties, @babel/plugin-proposal-private-methods and @babel/plugin-proposal-private-property-in-object (when they are enabled): you can silence this warning by explicitly adding
	["@babel/plugin-proposal-private-property-in-object", { "loose": true }]
to the "plugins" section of your Babel config.
Though the "loose" option was set to "false" in your @babel/preset-env config, it will not be used for @babel/plugin-proposal-private-methods since the "loose" mode option was set to "true" for @babel/plugin-proposal-private-property-in-object.
The "loose" option must be the same for @babel/plugin-proposal-class-properties, @babel/plugin-proposal-private-methods and @babel/plugin-proposal-private-property-in-object (when they are enabled): you can silence this warning by explicitly adding
	["@babel/plugin-proposal-private-methods", { "loose": true }]
to the "plugins" section of your Babel config.
Though the "loose" option was set to "false" in your @babel/preset-env config, it will not be used for @babel/plugin-proposal-private-property-in-object since the "loose" mode option was set to "true" for @babel/plugin-proposal-class-properties.
The "loose" option must be the same for @babel/plugin-proposal-class-properties, @babel/plugin-proposal-private-methods and @babel/plugin-proposal-private-property-in-object (when they are enabled): you can silence this warning by explicitly adding
	["@babel/plugin-proposal-private-property-in-object", { "loose": true }]
to the "plugins" section of your Babel config.
Though the "loose" option was set to "false" in your @babel/preset-env config, it will not be used for @babel/plugin-proposal-private-methods since the "loose" mode option was set to "true" for @babel/plugin-proposal-private-property-in-object.
The "loose" option must be the same for @babel/plugin-proposal-class-properties, @babel/plugin-proposal-private-methods and @babel/plugin-proposal-private-property-in-object (when they are enabled): you can silence this warning by explicitly adding
	["@babel/plugin-proposal-private-methods", { "loose": true }]
to the "plugins" section of your Babel config.
Though the "loose" option was set to "false" in your @babel/preset-env config, it will not be used for @babel/plugin-proposal-private-property-in-object since the "loose" mode option was set to "true" for @babel/plugin-proposal-class-properties.
The "loose" option must be the same for @babel/plugin-proposal-class-properties, @babel/plugin-proposal-private-methods and @babel/plugin-proposal-private-property-in-object (when they are enabled): you can silence this warning by explicitly adding
	["@babel/plugin-proposal-private-property-in-object", { "loose": true }]
to the "plugins" section of your Babel config.
Though the "loose" option was set to "false" in your @babel/preset-env config, it will not be used for @babel/plugin-proposal-private-methods since the "loose" mode option was set to "true" for @babel/plugin-proposal-private-property-in-object.
The "loose" option must be the same for @babel/plugin-proposal-class-properties, @babel/plugin-proposal-private-methods and @babel/plugin-proposal-private-property-in-object (when they are enabled): you can silence this warning by explicitly adding
	["@babel/plugin-proposal-private-methods", { "loose": true }]
to the "plugins" section of your Babel config.
Though the "loose" option was set to "false" in your @babel/preset-env config, it will not be used for @babel/plugin-proposal-private-property-in-object since the "loose" mode option was set to "true" for @babel/plugin-proposal-class-properties.
The "loose" option must be the same for @babel/plugin-proposal-class-properties, @babel/plugin-proposal-private-methods and @babel/plugin-proposal-private-property-in-object (when they are enabled): you can silence this warning by explicitly adding
	["@babel/plugin-proposal-private-property-in-object", { "loose": true }]
to the "plugins" section of your Babel config.
Though the "loose" option was set to "false" in your @babel/preset-env config, it will not be used for @babel/plugin-proposal-private-methods since the "loose" mode option was set to "true" for @babel/plugin-proposal-private-property-in-object.
The "loose" option must be the same for @babel/plugin-proposal-class-properties, @babel/plugin-proposal-private-methods and @babel/plugin-proposal-private-property-in-object (when they are enabled): you can silence this warning by explicitly adding
	["@babel/plugin-proposal-private-methods", { "loose": true }]
to the "plugins" section of your Babel config.
Though the "loose" option was set to "false" in your @babel/preset-env config, it will not be used for @babel/plugin-proposal-private-property-in-object since the "loose" mode option was set to "true" for @babel/plugin-proposal-class-properties.
The "loose" option must be the same for @babel/plugin-proposal-class-properties, @babel/plugin-proposal-private-methods and @babel/plugin-proposal-private-property-in-object (when they are enabled): you can silence this warning by explicitly adding
	["@babel/plugin-proposal-private-property-in-object", { "loose": true }]
to the "plugins" section of your Babel config.
Though the "loose" option was set to "false" in your @babel/preset-env config, it will not be used for @babel/plugin-proposal-private-methods since the "loose" mode option was set to "true" for @babel/plugin-proposal-private-property-in-object.
The "loose" option must be the same for @babel/plugin-proposal-class-properties, @babel/plugin-proposal-private-methods and @babel/plugin-proposal-private-property-in-object (when they are enabled): you can silence this warning by explicitly adding
	["@babel/plugin-proposal-private-methods", { "loose": true }]
to the "plugins" section of your Babel config.
Though the "loose" option was set to "false" in your @babel/preset-env config, it will not be used for @babel/plugin-proposal-private-property-in-object since the "loose" mode option was set to "true" for @babel/plugin-proposal-class-properties.
The "loose" option must be the same for @babel/plugin-proposal-class-properties, @babel/plugin-proposal-private-methods and @babel/plugin-proposal-private-property-in-object (when they are enabled): you can silence this warning by explicitly adding
	["@babel/plugin-proposal-private-property-in-object", { "loose": true }]
to the "plugins" section of your Babel config.
Though the "loose" option was set to "false" in your @babel/preset-env config, it will not be used for @babel/plugin-proposal-private-methods since the "loose" mode option was set to "true" for @babel/plugin-proposal-private-property-in-object.
The "loose" option must be the same for @babel/plugin-proposal-class-properties, @babel/plugin-proposal-private-methods and @babel/plugin-proposal-private-property-in-object (when they are enabled): you can silence this warning by explicitly adding
	["@babel/plugin-proposal-private-methods", { "loose": true }]
to the "plugins" section of your Babel config.

[Webpacker] Hash: e2a8a876c5815bee1e21
Version: webpack 4.46.0
Time: 4011ms
Built at: 2021-08-18 21:01:40
                                     Asset       Size       Chunks                         Chunk Names
    js/application-e421b4aa3f716bebdab1.js    125 KiB  application  [emitted] [immutable]  application
js/application-e421b4aa3f716bebdab1.js.map    139 KiB  application  [emitted] [dev]        application
                             manifest.json  364 bytes               [emitted]              
Entrypoint application = js/application-e421b4aa3f716bebdab1.js js/application-e421b4aa3f716bebdab1.js.map
[./app/javascript/channels sync recursive _channel\.js$] ./app/javascript/channels sync _channel\.js$ 160 bytes {application} [built]
[./app/javascript/channels/index.js] 211 bytes {application} [built]
[./app/javascript/packs/application.js] 492 bytes {application} [built]
[./node_modules/webpack/buildin/module.js] (webpack)/buildin/module.js 552 bytes {application} [built]
    + 3 hidden modules

  Rendered layout layouts/application.html.erb (Duration: 10994.6ms | Allocations: 11309)
Completed 200 OK in 11003ms (Views: 10998.9ms | ActiveRecord: 0.0ms | Allocations: 12778)


Started GET "/" for 127.0.0.1 at 2021-08-18 21:13:00 +0200
Processing by Rails::WelcomeController#index as HTML
  Rendering /home/patryk/.rvm/gems/ruby-3.0.1/gems/railties-6.1.4/lib/rails/templates/rails/welcome/index.html.erb
  Rendered /home/patryk/.rvm/gems/ruby-3.0.1/gems/railties-6.1.4/lib/rails/templates/rails/welcome/index.html.erb (Duration: 4.0ms | Allocations: 266)
Completed 200 OK in 5ms (Views: 4.7ms | Allocations: 1271)


Started GET "/main" for 127.0.0.1 at 2021-08-18 21:13:08 +0200
  
ActionController::RoutingError (No route matches [GET] "/main"):
  
Started GET "/main" for 127.0.0.1 at 2021-08-18 21:14:54 +0200
Processing by MainController#index as HTML
  Rendering layout layouts/application.html.erb
  Rendering main/index.html.erb within layouts/application
  Rendered main/index.html.erb within layouts/application (Duration: 0.2ms | Allocations: 146)
[Webpacker] Everything's up-to-date. Nothing to do
  Rendered layout layouts/application.html.erb (Duration: 3.6ms | Allocations: 3272)
Completed 200 OK in 5ms (Views: 4.6ms | Allocations: 4716)


Started GET "/main" for 127.0.0.1 at 2021-08-18 21:16:32 +0200
  
ActionController::RoutingError (No route matches [GET] "/main"):
  
Started GET "/" for 127.0.0.1 at 2021-08-18 21:16:36 +0200
Processing by MainController#index as HTML
  Rendering layout layouts/application.html.erb
  Rendering main/index.html.erb within layouts/application
  Rendered main/index.html.erb within layouts/application (Duration: 0.2ms | Allocations: 56)
[Webpacker] Everything's up-to-date. Nothing to do
  Rendered layout layouts/application.html.erb (Duration: 7.7ms | Allocations: 3007)
Completed 200 OK in 11ms (Views: 9.7ms | Allocations: 3781)


Started GET "/" for 127.0.0.1 at 2021-08-18 21:16:39 +0200
Processing by MainController#index as HTML
  Rendering layout layouts/application.html.erb
  Rendering main/index.html.erb within layouts/application
  Rendered main/index.html.erb within layouts/application (Duration: 0.2ms | Allocations: 37)
[Webpacker] Everything's up-to-date. Nothing to do
  Rendered layout layouts/application.html.erb (Duration: 12.4ms | Allocations: 2791)
Completed 200 OK in 15ms (Views: 13.5ms | Allocations: 3282)


Started GET "/" for 127.0.0.1 at 2021-08-18 21:27:01 +0200
Processing by MainController#index as HTML
  Rendering layout layouts/application.html.erb
  Rendering main/index.html.erb within layouts/application
  Rendered main/index.html.erb within layouts/application (Duration: 0.2ms | Allocations: 145)
[Webpacker] Everything's up-to-date. Nothing to do
  Rendered layout layouts/application.html.erb (Duration: 3.9ms | Allocations: 3304)
Completed 200 OK in 6ms (Views: 5.2ms | Allocations: 4659)


Started GET "/" for 127.0.0.1 at 2021-08-18 21:29:53 +0200
Processing by MainController#index as HTML
  Rendering layout layouts/application.html.erb
  Rendering main/index.html.erb within layouts/application
  Rendered main/index.html.erb within layouts/application (Duration: 0.3ms | Allocations: 146)
[Webpacker] Everything's up-to-date. Nothing to do
  Rendered layout layouts/application.html.erb (Duration: 3.3ms | Allocations: 3306)
Completed 200 OK in 5ms (Views: 4.3ms | Allocations: 4679)


